<?xml version="1.0" encoding="UTF-8"?>
<testng-results skipped="0" failed="0" ignored="0" total="1" passed="1">
  <reporter-output>
  </reporter-output>
  <suite name="All Test Suite" duration-ms="209536" started-at="2022-05-18T15:10:26 IST" finished-at="2022-05-18T15:13:56 IST">
    <groups>
      <group name="cucumber">
        <method signature="AbstractTestNGCucumberTests.runScenario(io.cucumber.testng.PickleWrapper,io.cucumber.testng.FeatureWrapper)[pri:0, instance:Runners.RunTestWithTestNG@4eb7f003]" name="runScenario" class="io.cucumber.testng.AbstractTestNGCucumberTests"/>
      </group> <!-- cucumber -->
    </groups>
    <test name="C:/Users/srish/IdeaProjects/Qualitest_CodilityTest" duration-ms="209536" started-at="2022-05-18T15:10:26 IST" finished-at="2022-05-18T15:13:56 IST">
      <class name="Runners.RunTestWithTestNG">
        <test-method status="PASS" signature="setUpClass(org.testng.ITestContext)[pri:0, instance:Runners.RunTestWithTestNG@4eb7f003]" name="setUpClass" is-config="true" duration-ms="1916" started-at="2022-05-18T15:10:26 IST" finished-at="2022-05-18T15:10:28 IST">
          <params>
            <param index="0">
              <value>
                <![CDATA[org.testng.TestRunner@61e7bf2f]]>
              </value>
            </param>
          </params>
          <reporter-output>
          </reporter-output>
        </test-method> <!-- setUpClass -->
        <test-method status="PASS" signature="runScenario(io.cucumber.testng.PickleWrapper,io.cucumber.testng.FeatureWrapper)[pri:0, instance:Runners.RunTestWithTestNG@4eb7f003]" name="runScenario" duration-ms="206763" started-at="2022-05-18T15:10:28 IST" description="Runs Cucumber Scenarios" data-provider="scenarios" finished-at="2022-05-18T15:13:55 IST">
          <params>
            <param index="0">
              <value>
                <![CDATA["Modify my cart"]]>
              </value>
            </param>
            <param index="1">
              <value>
                <![CDATA["Website Test"]]>
              </value>
            </param>
          </params>
          <reporter-output>
          </reporter-output>
        </test-method> <!-- runScenario -->
        <test-method status="PASS" signature="tearDownClass()[pri:0, instance:Runners.RunTestWithTestNG@4eb7f003]" name="tearDownClass" is-config="true" duration-ms="806" started-at="2022-05-18T15:13:55 IST" finished-at="2022-05-18T15:13:56 IST">
          <reporter-output>
          </reporter-output>
        </test-method> <!-- tearDownClass -->
      </class> <!-- Runners.RunTestWithTestNG -->
    </test> <!-- C:/Users/srish/IdeaProjects/Qualitest_CodilityTest -->
  </suite> <!-- All Test Suite -->
</testng-results>
